0 info it worked if it ends with ok
1 verbose cli [ '/usr/bin/node', '/usr/bin/npm', 'install', 'hapi', '-l' ]
2 info using npm@1.4.28
3 info using node@v0.10.37
4 verbose node symlink /usr/bin/node
5 warn package.json joaotiago.me@1.0.0 No README data
6 verbose readDependencies using package.json deps
7 verbose cache add [ 'hapi', null ]
8 verbose cache add name=undefined spec="hapi" args=["hapi",null]
9 verbose parsed url { protocol: null,
9 verbose parsed url   slashes: null,
9 verbose parsed url   auth: null,
9 verbose parsed url   host: null,
9 verbose parsed url   port: null,
9 verbose parsed url   hostname: null,
9 verbose parsed url   hash: null,
9 verbose parsed url   search: null,
9 verbose parsed url   query: null,
9 verbose parsed url   pathname: 'hapi',
9 verbose parsed url   path: 'hapi',
9 verbose parsed url   href: 'hapi' }
10 silly lockFile 04ea8046-hapi hapi
11 verbose lock hapi /home/joao/.npm/04ea8046-hapi.lock
12 silly lockFile 04ea8046-hapi hapi
13 silly lockFile 04ea8046-hapi hapi
14 verbose addNamed [ 'hapi', '' ]
15 verbose addNamed [ null, '*' ]
16 silly lockFile 5603efdf-hapi hapi@
17 verbose lock hapi@ /home/joao/.npm/5603efdf-hapi.lock
18 silly addNameRange { name: 'hapi', range: '*', hasData: false }
19 verbose request where is /hapi
20 verbose request registry https://registry.npmjs.org/
21 verbose request id afc87476cc50d0e6
22 verbose url raw /hapi
23 verbose url resolving [ 'https://registry.npmjs.org/', './hapi' ]
24 verbose url resolved https://registry.npmjs.org/hapi
25 verbose request where is https://registry.npmjs.org/hapi
26 info trying registry request attempt 1 at 15:08:08
27 verbose etag "DZEHKFHOE9Q3WW268ZUO46ZM6"
28 http GET https://registry.npmjs.org/hapi
29 http 304 https://registry.npmjs.org/hapi
30 silly registry.get cb [ 304,
30 silly registry.get   { date: 'Wed, 15 Apr 2015 14:08:08 GMT',
30 silly registry.get     server: 'Apache',
30 silly registry.get     via: '1.1 varnish',
30 silly registry.get     'last-modified': 'Wed, 15 Apr 2015 14:08:08 GMT',
30 silly registry.get     'cache-control': 'max-age=60',
30 silly registry.get     etag: '"DZEHKFHOE9Q3WW268ZUO46ZM6"',
30 silly registry.get     age: '0',
30 silly registry.get     'x-served-by': 'cache-ams4126-AMS',
30 silly registry.get     'x-cache': 'HIT',
30 silly registry.get     'x-cache-hits': '1',
30 silly registry.get     'x-timer': 'S1429106888.683853,VS0,VE93',
30 silly registry.get     vary: 'Accept',
30 silly registry.get     'content-length': '0',
30 silly registry.get     'keep-alive': 'timeout=10, max=50',
30 silly registry.get     connection: 'Keep-Alive' } ]
31 verbose etag https://registry.npmjs.org/hapi from cache
32 silly addNameRange number 2 { name: 'hapi', range: '*', hasData: true }
33 silly addNameRange versions [ 'hapi',
33 silly addNameRange   [ '0.0.1',
33 silly addNameRange     '0.0.2',
33 silly addNameRange     '0.0.3',
33 silly addNameRange     '0.0.4',
33 silly addNameRange     '0.0.5',
33 silly addNameRange     '0.0.6',
33 silly addNameRange     '0.1.0',
33 silly addNameRange     '0.1.1',
33 silly addNameRange     '0.1.2',
33 silly addNameRange     '0.1.3',
33 silly addNameRange     '0.2.0',
33 silly addNameRange     '0.2.1',
33 silly addNameRange     '0.3.0',
33 silly addNameRange     '0.4.0',
33 silly addNameRange     '0.4.1',
33 silly addNameRange     '0.4.2',
33 silly addNameRange     '0.4.3',
33 silly addNameRange     '0.4.4',
33 silly addNameRange     '0.5.0',
33 silly addNameRange     '0.5.1',
33 silly addNameRange     '0.6.0',
33 silly addNameRange     '0.6.1',
33 silly addNameRange     '0.5.2',
33 silly addNameRange     '0.7.0',
33 silly addNameRange     '0.7.1',
33 silly addNameRange     '0.8.0',
33 silly addNameRange     '0.8.1',
33 silly addNameRange     '0.8.2',
33 silly addNameRange     '0.8.3',
33 silly addNameRange     '0.8.4',
33 silly addNameRange     '0.9.0',
33 silly addNameRange     '0.9.1',
33 silly addNameRange     '0.9.2',
33 silly addNameRange     '0.10.0',
33 silly addNameRange     '0.10.1',
33 silly addNameRange     '0.11.0',
33 silly addNameRange     '0.11.1',
33 silly addNameRange     '0.11.2',
33 silly addNameRange     '0.11.3',
33 silly addNameRange     '0.12.0',
33 silly addNameRange     '0.13.0',
33 silly addNameRange     '0.13.1',
33 silly addNameRange     '0.13.2',
33 silly addNameRange     '0.11.4',
33 silly addNameRange     '0.13.3',
33 silly addNameRange     '0.14.0',
33 silly addNameRange     '0.14.1',
33 silly addNameRange     '0.14.2',
33 silly addNameRange     '0.15.0',
33 silly addNameRange     '0.15.1',
33 silly addNameRange     '0.15.2',
33 silly addNameRange     '0.15.3',
33 silly addNameRange     '0.15.4',
33 silly addNameRange     '0.15.5',
33 silly addNameRange     '0.15.6',
33 silly addNameRange     '0.15.7',
33 silly addNameRange     '0.15.8',
33 silly addNameRange     '0.15.9',
33 silly addNameRange     '0.16.0',
33 silly addNameRange     '1.0.0',
33 silly addNameRange     '1.0.1',
33 silly addNameRange     '1.0.2',
33 silly addNameRange     '1.0.3',
33 silly addNameRange     '1.1.0',
33 silly addNameRange     '1.2.0',
33 silly addNameRange     '1.3.0',
33 silly addNameRange     '1.4.0',
33 silly addNameRange     '1.5.0',
33 silly addNameRange     '1.6.0',
33 silly addNameRange     '1.6.1',
33 silly addNameRange     '1.6.2',
33 silly addNameRange     '1.7.0',
33 silly addNameRange     '1.7.1',
33 silly addNameRange     '1.7.2',
33 silly addNameRange     '1.7.3',
33 silly addNameRange     '1.8.0',
33 silly addNameRange     '1.8.1',
33 silly addNameRange     '1.8.2',
33 silly addNameRange     '1.8.3',
33 silly addNameRange     '1.9.0',
33 silly addNameRange     '1.9.1',
33 silly addNameRange     '1.9.2',
33 silly addNameRange     '1.9.3',
33 silly addNameRange     '1.9.4',
33 silly addNameRange     '1.9.5',
33 silly addNameRange     '1.9.6',
33 silly addNameRange     '1.9.7',
33 silly addNameRange     '1.10.0',
33 silly addNameRange     '1.11.0',
33 silly addNameRange     '1.11.1',
33 silly addNameRange     '1.12.0',
33 silly addNameRange     '1.13.0',
33 silly addNameRange     '1.14.0',
33 silly addNameRange     '1.15.0',
33 silly addNameRange     '1.16.0',
33 silly addNameRange     '1.16.1',
33 silly addNameRange     '1.17.0',
33 silly addNameRange     '1.18.0',
33 silly addNameRange     '1.19.0',
33 silly addNameRange     '1.19.1',
33 silly addNameRange     '1.19.2',
33 silly addNameRange     '1.19.3',
33 silly addNameRange     '1.19.4',
33 silly addNameRange     '1.19.5',
33 silly addNameRange     '1.20.0',
33 silly addNameRange     '2.0.0-preview',
33 silly addNameRange     '0.5.1-a',
33 silly addNameRange     '0.5.1-b',
33 silly addNameRange     '0.5.1-b2',
33 silly addNameRange     '0.5.1-c',
33 silly addNameRange     '2.0.0',
33 silly addNameRange     '2.1.0',
33 silly addNameRange     '2.1.1',
33 silly addNameRange     '2.1.2',
33 silly addNameRange     '2.2.0',
33 silly addNameRange     '2.3.0',
33 silly addNameRange     '2.4.0',
33 silly addNameRange     '2.5.0',
33 silly addNameRange     '2.6.0',
33 silly addNameRange     '3.0.0',
33 silly addNameRange     '3.0.1',
33 silly addNameRange     '3.0.2',
33 silly addNameRange     '3.1.0',
33 silly addNameRange     '4.0.0',
33 silly addNameRange     '4.0.1',
33 silly addNameRange     '4.0.2',
33 silly addNameRange     '4.0.3',
33 silly addNameRange     '4.1.0',
33 silly addNameRange     '4.1.1',
33 silly addNameRange     '4.1.2',
33 silly addNameRange     '4.1.3',
33 silly addNameRange     '4.1.4',
33 silly addNameRange     '5.0.0',
33 silly addNameRange     '5.1.0',
33 silly addNameRange     '6.0.0',
33 silly addNameRange     '6.0.1',
33 silly addNameRange     '6.0.2',
33 silly addNameRange     '6.1.0',
33 silly addNameRange     '6.2.0',
33 silly addNameRange     '6.2.1',
33 silly addNameRange     '6.2.2',
33 silly addNameRange     '6.3.0',
33 silly addNameRange     '6.4.0',
33 silly addNameRange     '6.5.0',
33 silly addNameRange     '6.5.1',
33 silly addNameRange     '6.6.0',
33 silly addNameRange     '6.7.0',
33 silly addNameRange     '6.7.1',
33 silly addNameRange     '6.8.0',
33 silly addNameRange     '6.8.1',
33 silly addNameRange     '6.9.0',
33 silly addNameRange     '6.10.0',
33 silly addNameRange     '6.11.0',
33 silly addNameRange     '6.11.1',
33 silly addNameRange     '7.0.0',
33 silly addNameRange     '7.0.1',
33 silly addNameRange     '7.1.0',
33 silly addNameRange     '7.1.1',
33 silly addNameRange     '7.2.0',
33 silly addNameRange     '7.3.0',
33 silly addNameRange     '7.4.0',
33 silly addNameRange     '7.5.0',
33 silly addNameRange     '7.5.1',
33 silly addNameRange     '7.5.2',
33 silly addNameRange     '8.0.0',
33 silly addNameRange     '7.5.3',
33 silly addNameRange     '8.1.0',
33 silly addNameRange     '8.2.0',
33 silly addNameRange     '8.3.0',
33 silly addNameRange     '8.3.1',
33 silly addNameRange     '8.4.0' ] ]
34 verbose addNamed [ 'hapi', '8.4.0' ]
35 verbose addNamed [ '8.4.0', '8.4.0' ]
36 silly lockFile 898488fe-hapi-8-4-0 hapi@8.4.0
37 verbose lock hapi@8.4.0 /home/joao/.npm/898488fe-hapi-8-4-0.lock
38 silly lockFile f5439a5d-ry-npmjs-org-hapi-hapi-8-4-0-tgz https://registry.npmjs.org/hapi/-/hapi-8.4.0.tgz
39 verbose lock https://registry.npmjs.org/hapi/-/hapi-8.4.0.tgz /home/joao/.npm/f5439a5d-ry-npmjs-org-hapi-hapi-8-4-0-tgz.lock
40 verbose addRemoteTarball [ 'https://registry.npmjs.org/hapi/-/hapi-8.4.0.tgz',
40 verbose addRemoteTarball   '14237847ac107076d4b32eb864de60f4bbdeb5f9' ]
41 info retry fetch attempt 1 at 15:08:08
42 verbose fetch to= /tmp/npm-19213-jz_WFWji/registry.npmjs.org/hapi/-/hapi-8.4.0.tgz
43 http GET https://registry.npmjs.org/hapi/-/hapi-8.4.0.tgz
44 http 200 https://registry.npmjs.org/hapi/-/hapi-8.4.0.tgz
45 silly lockFile f5439a5d-ry-npmjs-org-hapi-hapi-8-4-0-tgz https://registry.npmjs.org/hapi/-/hapi-8.4.0.tgz
46 silly lockFile f5439a5d-ry-npmjs-org-hapi-hapi-8-4-0-tgz https://registry.npmjs.org/hapi/-/hapi-8.4.0.tgz
47 silly lockFile 898488fe-hapi-8-4-0 hapi@8.4.0
48 silly lockFile 898488fe-hapi-8-4-0 hapi@8.4.0
49 silly lockFile 5603efdf-hapi hapi@
50 silly lockFile 5603efdf-hapi hapi@
51 error Error: EACCES, mkdir '/home/joao/.npm/hapi/8.4.0'
51 error  { [Error: EACCES, mkdir '/home/joao/.npm/hapi/8.4.0']
51 error   errno: 3,
51 error   code: 'EACCES',
51 error   path: '/home/joao/.npm/hapi/8.4.0',
51 error   parent: 'joaotiago.me' }
52 error Please try running this command again as root/Administrator.
53 error System Linux 3.13.0-49-generic
54 error command "/usr/bin/node" "/usr/bin/npm" "install" "hapi" "-l"
55 error cwd /home/joao/desktop/github/joaotiago.me
56 error node -v v0.10.37
57 error npm -v 1.4.28
58 error path /home/joao/.npm/hapi/8.4.0
59 error code EACCES
60 error errno 3
61 error stack Error: EACCES, mkdir '/home/joao/.npm/hapi/8.4.0'
62 verbose exit [ 3, true ]
